<?xml version="1.0" encoding="UTF-8"?>
<!-- Generated by org.testng.reporters.JUnitReportReporter -->
<testsuite hostname="VINODHOSTING" failures="0" tests="3" name="runner.MyRunner" time="20.513" errors="0" timestamp="2022-06-30T23:45:21 IST" skipped="0">
  <testcase classname="runner.MyRunner" name="runScenario" time="8.423"/>
  <system-out/>
  <testcase classname="runner.MyRunner" name="runScenario" time="6.124"/>
  <system-out/>
  <testcase classname="runner.MyRunner" name="runScenario" time="5.966"/>
  <system-out/>
</testsuite> <!-- runner.MyRunner -->
