<?xml version="1.0" encoding="UTF-8"?>
<!-- Generated by org.testng.reporters.JUnitReportReporter -->
<testsuite hostname="VINODHOSTING" failures="0" tests="3" name="tests.SearchTest" time="406.606" errors="0" timestamp="2022-06-29T12:39:09 IST" skipped="0">
  <testcase classname="tests.SearchTest" name="searchWithValidProduct" time="136.115"/>
  <system-out/>
  <testcase classname="tests.SearchTest" name="searchWithInValidProduct" time="135.586"/>
  <system-out/>
  <testcase classname="tests.SearchTest" name="searchWithoutAnyProduct" time="134.905"/>
  <system-out/>
</testsuite> <!-- tests.SearchTest -->
