<?xml version="1.0" encoding="UTF-8"?>
<!-- Generated by org.testng.reporters.JUnitReportReporter -->
<testsuite hostname="VINODHOSTING" failures="0" tests="3" name="tests.LoginTest" time="404.795" errors="0" timestamp="2022-06-29T12:39:09 IST" skipped="0">
  <testcase classname="tests.LoginTest" name="loginWithValidCredentials" time="135.586"/>
  <system-out/>
  <testcase classname="tests.LoginTest" name="loginWithValidUsernameAndInvalidPassword" time="134.310"/>
  <system-out/>
  <testcase classname="tests.LoginTest" name="loginWithInvalidUsernameAndValidPassword" time="134.899"/>
  <system-out/>
</testsuite> <!-- tests.LoginTest -->
