<?xml version="1.0" encoding="UTF-8"?>
<!-- Generated by org.testng.reporters.JUnitReportReporter -->
<testsuite hostname="VINODHOSTING" failures="0" tests="9" name="runner.MyRunner" time="42.611" errors="0" timestamp="2022-06-30T22:38:13 IST" skipped="0">
  <testcase classname="runner.MyRunner" name="runScenario" time="5.007"/>
  <system-out/>
  <testcase classname="runner.MyRunner" name="runScenario" time="8.672"/>
  <system-out/>
  <testcase classname="runner.MyRunner" name="runScenario" time="3.666"/>
  <system-out/>
  <testcase classname="runner.MyRunner" name="runScenario" time="3.096"/>
  <system-out/>
  <testcase classname="runner.MyRunner" name="runScenario" time="3.941"/>
  <system-out/>
  <testcase classname="runner.MyRunner" name="runScenario" time="5.239"/>
  <system-out/>
  <testcase classname="runner.MyRunner" name="runScenario" time="5.081"/>
  <system-out/>
  <testcase classname="runner.MyRunner" name="runScenario" time="3.457"/>
  <system-out/>
  <testcase classname="runner.MyRunner" name="runScenario" time="4.452"/>
  <system-out/>
</testsuite> <!-- runner.MyRunner -->
